Determining if the pthread_create exist failed with the following output:
Change Dir: /home/peter/groovy_workspace/build/CMakeFiles/CMakeTmp

Run Build Command:/usr/bin/make "cmTryCompileExec4224794706/fast"
/usr/bin/make -f CMakeFiles/cmTryCompileExec4224794706.dir/build.make CMakeFiles/cmTryCompileExec4224794706.dir/build
make[1]: Entering directory `/home/peter/groovy_workspace/build/CMakeFiles/CMakeTmp'
/usr/bin/cmake -E cmake_progress_report /home/peter/groovy_workspace/build/CMakeFiles/CMakeTmp/CMakeFiles 1
Building C object CMakeFiles/cmTryCompileExec4224794706.dir/CheckSymbolExists.c.o
/usr/bin/gcc    -o CMakeFiles/cmTryCompileExec4224794706.dir/CheckSymbolExists.c.o   -c /home/peter/groovy_workspace/build/CMakeFiles/CMakeTmp/CheckSymbolExists.c
Linking C executable cmTryCompileExec4224794706
/usr/bin/cmake -E cmake_link_script CMakeFiles/cmTryCompileExec4224794706.dir/link.txt --verbose=1
/usr/bin/gcc         CMakeFiles/cmTryCompileExec4224794706.dir/CheckSymbolExists.c.o  -o cmTryCompileExec4224794706 -rdynamic 
CMakeFiles/cmTryCompileExec4224794706.dir/CheckSymbolExists.c.o: In function `main':
CheckSymbolExists.c:(.text+0x16): undefined reference to `pthread_create'
collect2: error: ld returned 1 exit status
make[1]: Leaving directory `/home/peter/groovy_workspace/build/CMakeFiles/CMakeTmp'
make[1]: *** [cmTryCompileExec4224794706] Error 1
make: *** [cmTryCompileExec4224794706/fast] Error 2

File /home/peter/groovy_workspace/build/CMakeFiles/CMakeTmp/CheckSymbolExists.c:
/* */
#include <pthread.h>

int main(int argc, char** argv)
{
  (void)argv;
#ifndef pthread_create
  return ((int*)(&pthread_create))[argc];
#else
  (void)argc;
  return 0;
#endif
}

Determining if the function pthread_create exists in the pthreads failed with the following output:
Change Dir: /home/peter/groovy_workspace/build/CMakeFiles/CMakeTmp

Run Build Command:/usr/bin/make "cmTryCompileExec495554079/fast"
/usr/bin/make -f CMakeFiles/cmTryCompileExec495554079.dir/build.make CMakeFiles/cmTryCompileExec495554079.dir/build
make[1]: Entering directory `/home/peter/groovy_workspace/build/CMakeFiles/CMakeTmp'
/usr/bin/cmake -E cmake_progress_report /home/peter/groovy_workspace/build/CMakeFiles/CMakeTmp/CMakeFiles 1
Building C object CMakeFiles/cmTryCompileExec495554079.dir/CheckFunctionExists.c.o
/usr/bin/gcc   -DCHECK_FUNCTION_EXISTS=pthread_create   -o CMakeFiles/cmTryCompileExec495554079.dir/CheckFunctionExists.c.o   -c /usr/share/cmake-2.8/Modules/CheckFunctionExists.c
Linking C executable cmTryCompileExec495554079
/usr/bin/cmake -E cmake_link_script CMakeFiles/cmTryCompileExec495554079.dir/link.txt --verbose=1
/usr/bin/gcc     -DCHECK_FUNCTION_EXISTS=pthread_create    CMakeFiles/cmTryCompileExec495554079.dir/CheckFunctionExists.c.o  -o cmTryCompileExec495554079 -rdynamic -lpthreads 
/usr/bin/ld: cannot find -lpthreads
collect2: error: ld returned 1 exit status
make[1]: Leaving directory `/home/peter/groovy_workspace/build/CMakeFiles/CMakeTmp'
make[1]: *** [cmTryCompileExec495554079] Error 1
make: *** [cmTryCompileExec495554079/fast] Error 2


